This file contains any messages produced by compilers while
running configure, to aid debugging if configure makes a mistake.

It was created by depi configure 0.2.0, which was
generated by GNU Autoconf 2.69.  Invocation command line was

  $ ./configure 

## --------- ##
## Platform. ##
## --------- ##

hostname = iZwz9innyuqc4mth2xumbdZ
uname -m = x86_64
uname -r = 3.13.0-128-generic
uname -s = Linux
uname -v = #177-Ubuntu SMP Tue Aug 8 11:40:23 UTC 2017

/usr/bin/uname -p = unknown
/bin/uname -X     = unknown

/bin/arch              = unknown
/usr/bin/arch -k       = unknown
/usr/convex/getsysinfo = unknown
/usr/bin/hostinfo      = unknown
/bin/machine           = unknown
/usr/bin/oslevel       = unknown
/bin/universe          = unknown

PATH: /usr/local/sbin
PATH: /usr/local/bin
PATH: /usr/bin
PATH: /usr/sbin
PATH: /sbin
PATH: /bin


## ----------- ##
## Core tests. ##
## ----------- ##

configure:2028: checking for gcc
configure:2044: found /usr/bin/gcc
configure:2055: result: gcc
configure:2284: checking for C compiler version
configure:2293: gcc --version >&5
gcc (Ubuntu 4.8.4-2ubuntu1~14.04.3) 4.8.4
Copyright (C) 2013 Free Software Foundation, Inc.
This is free software; see the source for copying conditions.  There is NO
warranty; not even for MERCHANTABILITY or FITNESS FOR A PARTICULAR PURPOSE.

configure:2304: $? = 0
configure:2293: gcc -v >&5
Using built-in specs.
COLLECT_GCC=gcc
COLLECT_LTO_WRAPPER=/usr/lib/gcc/x86_64-linux-gnu/4.8/lto-wrapper
Target: x86_64-linux-gnu
Configured with: ../src/configure -v --with-pkgversion='Ubuntu 4.8.4-2ubuntu1~14.04.3' --with-bugurl=file:///usr/share/doc/gcc-4.8/README.Bugs --enable-languages=c,c++,java,go,d,fortran,objc,obj-c++ --prefix=/usr --program-suffix=-4.8 --enable-shared --enable-linker-build-id --libexecdir=/usr/lib --without-included-gettext --enable-threads=posix --with-gxx-include-dir=/usr/include/c++/4.8 --libdir=/usr/lib --enable-nls --with-sysroot=/ --enable-clocale=gnu --enable-libstdcxx-debug --enable-libstdcxx-time=yes --enable-gnu-unique-object --disable-libmudflap --enable-plugin --with-system-zlib --disable-browser-plugin --enable-java-awt=gtk --enable-gtk-cairo --with-java-home=/usr/lib/jvm/java-1.5.0-gcj-4.8-amd64/jre --enable-java-home --with-jvm-root-dir=/usr/lib/jvm/java-1.5.0-gcj-4.8-amd64 --with-jvm-jar-dir=/usr/lib/jvm-exports/java-1.5.0-gcj-4.8-amd64 --with-arch-directory=amd64 --with-ecj-jar=/usr/share/java/eclipse-ecj.jar --enable-objc-gc --enable-multiarch --disable-werror --with-arch-32=i686 --with-abi=m64 --with-multilib-list=m32,m64,mx32 --with-tune=generic --enable-checking=release --build=x86_64-linux-gnu --host=x86_64-linux-gnu --target=x86_64-linux-gnu
Thread model: posix
gcc version 4.8.4 (Ubuntu 4.8.4-2ubuntu1~14.04.3) 
configure:2304: $? = 0
configure:2293: gcc -V >&5
gcc: error: unrecognized command line option '-V'
gcc: fatal error: no input files
compilation terminated.
configure:2304: $? = 4
configure:2293: gcc -qversion >&5
gcc: error: unrecognized command line option '-qversion'
gcc: fatal error: no input files
compilation terminated.
configure:2304: $? = 4
configure:2324: checking whether the C compiler works
configure:2346: gcc    conftest.c  >&5
configure:2350: $? = 0
configure:2398: result: yes
configure:2401: checking for C compiler default output file name
configure:2403: result: a.out
configure:2409: checking for suffix of executables
configure:2416: gcc -o conftest    conftest.c  >&5
configure:2420: $? = 0
configure:2442: result: 
configure:2464: checking whether we are cross compiling
configure:2472: gcc -o conftest    conftest.c  >&5
configure:2476: $? = 0
configure:2483: ./conftest
configure:2487: $? = 0
configure:2502: result: no
configure:2507: checking for suffix of object files
configure:2529: gcc -c   conftest.c >&5
configure:2533: $? = 0
configure:2554: result: o
configure:2558: checking whether we are using the GNU C compiler
configure:2577: gcc -c   conftest.c >&5
configure:2577: $? = 0
configure:2586: result: yes
configure:2595: checking whether gcc accepts -g
configure:2615: gcc -c -g  conftest.c >&5
configure:2615: $? = 0
configure:2656: result: yes
configure:2673: checking for gcc option to accept ISO C89
configure:2736: gcc  -c -g -O2  conftest.c >&5
configure:2736: $? = 0
configure:2749: result: none needed
configure:2775: checking how to run the C preprocessor
configure:2806: gcc -E  conftest.c
configure:2806: $? = 0
configure:2820: gcc -E  conftest.c
conftest.c:9:28: fatal error: ac_nonexistent.h: No such file or directory
 #include <ac_nonexistent.h>
                            ^
compilation terminated.
configure:2820: $? = 1
configure: failed program was:
| /* confdefs.h */
| #define PACKAGE_NAME "depi"
| #define PACKAGE_TARNAME "depi"
| #define PACKAGE_VERSION "0.2.0"
| #define PACKAGE_STRING "depi 0.2.0"
| #define PACKAGE_BUGREPORT ""
| #define PACKAGE_URL ""
| /* end confdefs.h.  */
| #include <ac_nonexistent.h>
configure:2845: result: gcc -E
configure:2865: gcc -E  conftest.c
configure:2865: $? = 0
configure:2879: gcc -E  conftest.c
conftest.c:9:28: fatal error: ac_nonexistent.h: No such file or directory
 #include <ac_nonexistent.h>
                            ^
compilation terminated.
configure:2879: $? = 1
configure: failed program was:
| /* confdefs.h */
| #define PACKAGE_NAME "depi"
| #define PACKAGE_TARNAME "depi"
| #define PACKAGE_VERSION "0.2.0"
| #define PACKAGE_STRING "depi 0.2.0"
| #define PACKAGE_BUGREPORT ""
| #define PACKAGE_URL ""
| /* end confdefs.h.  */
| #include <ac_nonexistent.h>
configure:2908: checking for grep that handles long lines and -e
configure:2966: result: /bin/grep
configure:2971: checking for egrep
configure:3033: result: /bin/grep -E
configure:3038: checking for ANSI C header files
configure:3058: gcc -c -g -O2  conftest.c >&5
configure:3058: $? = 0
configure:3131: gcc -o conftest -g -O2   conftest.c  >&5
configure:3131: $? = 0
configure:3131: ./conftest
configure:3131: $? = 0
configure:3142: result: yes
configure:3155: checking for sys/types.h
configure:3155: gcc -c -g -O2  conftest.c >&5
configure:3155: $? = 0
configure:3155: result: yes
configure:3155: checking for sys/stat.h
configure:3155: gcc -c -g -O2  conftest.c >&5
configure:3155: $? = 0
configure:3155: result: yes
configure:3155: checking for stdlib.h
configure:3155: gcc -c -g -O2  conftest.c >&5
configure:3155: $? = 0
configure:3155: result: yes
configure:3155: checking for string.h
configure:3155: gcc -c -g -O2  conftest.c >&5
configure:3155: $? = 0
configure:3155: result: yes
configure:3155: checking for memory.h
configure:3155: gcc -c -g -O2  conftest.c >&5
configure:3155: $? = 0
configure:3155: result: yes
configure:3155: checking for strings.h
configure:3155: gcc -c -g -O2  conftest.c >&5
configure:3155: $? = 0
configure:3155: result: yes
configure:3155: checking for inttypes.h
configure:3155: gcc -c -g -O2  conftest.c >&5
configure:3155: $? = 0
configure:3155: result: yes
configure:3155: checking for stdint.h
configure:3155: gcc -c -g -O2  conftest.c >&5
configure:3155: $? = 0
configure:3155: result: yes
configure:3155: checking for unistd.h
configure:3155: gcc -c -g -O2  conftest.c >&5
configure:3155: $? = 0
configure:3155: result: yes
configure:3167: checking omp.h usability
configure:3167: gcc -c -g -O2  conftest.c >&5
configure:3167: $? = 0
configure:3167: result: yes
configure:3167: checking omp.h presence
configure:3167: gcc -E  conftest.c
configure:3167: $? = 0
configure:3167: result: yes
configure:3167: checking for omp.h
configure:3167: result: yes
configure:3336: creating ./config.status

## ---------------------- ##
## Running config.status. ##
## ---------------------- ##

This file was extended by depi config.status 0.2.0, which was
generated by GNU Autoconf 2.69.  Invocation command line was

  CONFIG_FILES    = 
  CONFIG_HEADERS  = 
  CONFIG_LINKS    = 
  CONFIG_COMMANDS = 
  $ ./config.status 

on iZwz9innyuqc4mth2xumbdZ

config.status:725: creating src/Makevars

## ---------------- ##
## Cache variables. ##
## ---------------- ##

ac_cv_c_compiler_gnu=yes
ac_cv_env_CC_set=
ac_cv_env_CC_value=
ac_cv_env_CFLAGS_set=
ac_cv_env_CFLAGS_value=
ac_cv_env_CPPFLAGS_set=
ac_cv_env_CPPFLAGS_value=
ac_cv_env_CPP_set=
ac_cv_env_CPP_value=
ac_cv_env_LDFLAGS_set=
ac_cv_env_LDFLAGS_value=
ac_cv_env_LIBS_set=
ac_cv_env_LIBS_value=
ac_cv_env_build_alias_set=
ac_cv_env_build_alias_value=
ac_cv_env_host_alias_set=
ac_cv_env_host_alias_value=
ac_cv_env_target_alias_set=
ac_cv_env_target_alias_value=
ac_cv_header_inttypes_h=yes
ac_cv_header_memory_h=yes
ac_cv_header_omp_h=yes
ac_cv_header_stdc=yes
ac_cv_header_stdint_h=yes
ac_cv_header_stdlib_h=yes
ac_cv_header_string_h=yes
ac_cv_header_strings_h=yes
ac_cv_header_sys_stat_h=yes
ac_cv_header_sys_types_h=yes
ac_cv_header_unistd_h=yes
ac_cv_objext=o
ac_cv_path_EGREP='/bin/grep -E'
ac_cv_path_GREP=/bin/grep
ac_cv_prog_CPP='gcc -E'
ac_cv_prog_ac_ct_CC=gcc
ac_cv_prog_cc_c89=
ac_cv_prog_cc_g=yes

## ----------------- ##
## Output variables. ##
## ----------------- ##

CC='gcc'
CFLAGS='-g -O2'
CPP='gcc -E'
CPPFLAGS=''
DEFS='-DPACKAGE_NAME=\"depi\" -DPACKAGE_TARNAME=\"depi\" -DPACKAGE_VERSION=\"0.2.0\" -DPACKAGE_STRING=\"depi\ 0.2.0\" -DPACKAGE_BUGREPORT=\"\" -DPACKAGE_URL=\"\" -DSTDC_HEADERS=1 -DHAVE_SYS_TYPES_H=1 -DHAVE_SYS_STAT_H=1 -DHAVE_STDLIB_H=1 -DHAVE_STRING_H=1 -DHAVE_MEMORY_H=1 -DHAVE_STRINGS_H=1 -DHAVE_INTTYPES_H=1 -DHAVE_STDINT_H=1 -DHAVE_UNISTD_H=1'
ECHO_C=''
ECHO_N='-n'
ECHO_T=''
EGREP='/bin/grep -E'
EXEEXT=''
GREP='/bin/grep'
GSL_LIBS='-L/usr/local/lib -lgsl -lgslcblas -lm'
LDFLAGS=''
LIBOBJS=''
LIBS=''
LTLIBOBJS=''
OBJEXT='o'
PACKAGE_BUGREPORT=''
PACKAGE_NAME='depi'
PACKAGE_STRING='depi 0.2.0'
PACKAGE_TARNAME='depi'
PACKAGE_URL=''
PACKAGE_VERSION='0.2.0'
PATH_SEPARATOR=':'
SHELL='/bin/bash'
ac_ct_CC='gcc'
bindir='${exec_prefix}/bin'
build_alias=''
datadir='${datarootdir}'
datarootdir='${prefix}/share'
depi_CFLAGS='-I/usr/local/include -fopenmp'
docdir='${datarootdir}/doc/${PACKAGE_TARNAME}'
dvidir='${docdir}'
exec_prefix='${prefix}'
host_alias=''
htmldir='${docdir}'
includedir='${prefix}/include'
infodir='${datarootdir}/info'
libdir='${exec_prefix}/lib'
libexecdir='${exec_prefix}/libexec'
localedir='${datarootdir}/locale'
localstatedir='${prefix}/var'
mandir='${datarootdir}/man'
oldincludedir='/usr/include'
pdfdir='${docdir}'
prefix='/usr/local'
program_transform_name='s,x,x,'
psdir='${docdir}'
sbindir='${exec_prefix}/sbin'
sharedstatedir='${prefix}/com'
sysconfdir='${prefix}/etc'
target_alias=''

## ----------- ##
## confdefs.h. ##
## ----------- ##

/* confdefs.h */
#define PACKAGE_NAME "depi"
#define PACKAGE_TARNAME "depi"
#define PACKAGE_VERSION "0.2.0"
#define PACKAGE_STRING "depi 0.2.0"
#define PACKAGE_BUGREPORT ""
#define PACKAGE_URL ""
#define STDC_HEADERS 1
#define HAVE_SYS_TYPES_H 1
#define HAVE_SYS_STAT_H 1
#define HAVE_STDLIB_H 1
#define HAVE_STRING_H 1
#define HAVE_MEMORY_H 1
#define HAVE_STRINGS_H 1
#define HAVE_INTTYPES_H 1
#define HAVE_STDINT_H 1
#define HAVE_UNISTD_H 1

configure: exit 0
